<?xml version="1.0" encoding="UTF-8"?>
<testng-results skipped="0" failed="1" ignored="0" total="2" passed="1">
  <reporter-output>
  </reporter-output>
  <suite name="Suite" duration-ms="7850" started-at="2019-12-26T07:43:51Z" finished-at="2019-12-26T07:43:59Z">
    <groups>
    </groups>
    <test name="Test" duration-ms="7850" started-at="2019-12-26T07:43:51Z" finished-at="2019-12-26T07:43:59Z">
      <class name="com.btes.orangehrm.com.orangeHRM.Emp.LoginTest">
        <test-method status="PASS" signature="Launch()[pri:0, instance:com.btes.orangehrm.com.orangeHRM.Emp.LoginTest@1f2a3a5]" name="Launch" is-config="true" duration-ms="34318" started-at="2019-12-26T07:43:17Z" finished-at="2019-12-26T07:43:51Z">
          <reporter-output>
          </reporter-output>
        </test-method> <!-- Launch -->
        <test-method status="PASS" signature="CheckLogin()[pri:0, instance:com.btes.orangehrm.com.orangeHRM.Emp.LoginTest@1f2a3a5]" name="CheckLogin" duration-ms="7552" started-at="2019-12-26T07:43:52Z" finished-at="2019-12-26T07:43:59Z">
          <reporter-output>
          </reporter-output>
        </test-method> <!-- CheckLogin -->
        <test-method status="FAIL" signature="CheckTitle()[pri:0, instance:com.btes.orangehrm.com.orangeHRM.Emp.LoginTest@1f2a3a5]" name="CheckTitle" duration-ms="20" started-at="2019-12-26T07:43:59Z" finished-at="2019-12-26T07:43:59Z">
          <exception class="java.lang.AssertionError">
            <message>
              <![CDATA[expected [OrangeHRM] but found [OrnageHRM]]]>
            </message>
            <full-stacktrace>
              <![CDATA[java.lang.AssertionError: expected [OrangeHRM] but found [OrnageHRM]
at org.testng.Assert.fail(Assert.java:96)
at org.testng.Assert.failNotEquals(Assert.java:776)
at org.testng.Assert.assertEqualsImpl(Assert.java:137)
at org.testng.Assert.assertEquals(Assert.java:118)
at org.testng.Assert.assertEquals(Assert.java:453)
at org.testng.Assert.assertEquals(Assert.java:463)
at com.btes.orangehrm.com.orangeHRM.Emp.LoginTest.CheckTitle(LoginTest.java:13)
at sun.reflect.NativeMethodAccessorImpl.invoke0(Native Method)
at sun.reflect.NativeMethodAccessorImpl.invoke(NativeMethodAccessorImpl.java:62)
at sun.reflect.DelegatingMethodAccessorImpl.invoke(DelegatingMethodAccessorImpl.java:43)
at java.lang.reflect.Method.invoke(Method.java:498)
at org.testng.internal.MethodInvocationHelper.invokeMethod(MethodInvocationHelper.java:124)
at org.testng.internal.Invoker.invokeMethod(Invoker.java:583)
at org.testng.internal.Invoker.invokeTestMethod(Invoker.java:719)
at org.testng.internal.Invoker.invokeTestMethods(Invoker.java:989)
at org.testng.internal.TestMethodWorker.invokeTestMethods(TestMethodWorker.java:125)
at org.testng.internal.TestMethodWorker.run(TestMethodWorker.java:109)
at org.testng.TestRunner.privateRun(TestRunner.java:648)
at org.testng.TestRunner.run(TestRunner.java:505)
at org.testng.SuiteRunner.runTest(SuiteRunner.java:455)
at org.testng.SuiteRunner.runSequentially(SuiteRunner.java:450)
at org.testng.SuiteRunner.privateRun(SuiteRunner.java:415)
at org.testng.SuiteRunner.run(SuiteRunner.java:364)
at org.testng.SuiteRunnerWorker.runSuite(SuiteRunnerWorker.java:52)
at org.testng.SuiteRunnerWorker.run(SuiteRunnerWorker.java:84)
at org.testng.TestNG.runSuitesSequentially(TestNG.java:1208)
at org.testng.TestNG.runSuitesLocally(TestNG.java:1137)
at org.testng.TestNG.runSuites(TestNG.java:1049)
at org.testng.TestNG.run(TestNG.java:1017)
at org.apache.maven.surefire.testng.TestNGExecutor.run(TestNGExecutor.java:283)
at org.apache.maven.surefire.testng.TestNGXmlTestSuite.execute(TestNGXmlTestSuite.java:75)
at org.apache.maven.surefire.testng.TestNGProvider.invoke(TestNGProvider.java:120)
at org.apache.maven.surefire.booter.ForkedBooter.invokeProviderInSameClassLoader(ForkedBooter.java:384)
at org.apache.maven.surefire.booter.ForkedBooter.runSuitesInProcess(ForkedBooter.java:345)
at org.apache.maven.surefire.booter.ForkedBooter.execute(ForkedBooter.java:126)
at org.apache.maven.surefire.booter.ForkedBooter.main(ForkedBooter.java:418)
]]>
            </full-stacktrace>
          </exception> <!-- java.lang.AssertionError -->
          <reporter-output>
          </reporter-output>
        </test-method> <!-- CheckTitle -->
        <test-method status="PASS" signature="Close_Browser()[pri:0, instance:com.btes.orangehrm.com.orangeHRM.Emp.LoginTest@1f2a3a5]" name="Close_Browser" is-config="true" duration-ms="2132" started-at="2019-12-26T07:43:59Z" finished-at="2019-12-26T07:44:02Z">
          <reporter-output>
          </reporter-output>
        </test-method> <!-- Close_Browser -->
      </class> <!-- com.btes.orangehrm.com.orangeHRM.Emp.LoginTest -->
    </test> <!-- Test -->
  </suite> <!-- Suite -->
</testng-results>
