<?xml version="1.0" encoding="UTF-8"?>
<!-- Generated by org.testng.reporters.JUnitReportReporter -->
<testsuite skipped="2" hostname="Sampada-PC" name="com.btes.com.btes.mar.LoginTest" tests="3" failures="0" timestamp="24 Dec 2019 06:04:54 GMT" time="38.611" errors="1">
  <testcase name="Launch" time="38.611" classname="com.btes.com.btes.mar.LoginTest">
    <error type="org.openqa.selenium.WebDriverException" message="unknown error: Chrome failed to start: exited normally
  (chrome not reachable)
  (The process started from chrome location C:\Program Files\Google\Chrome\Application\chrome.exe is no longer running, so ChromeDriver is assuming that Chrome has crashed.)
Build info: version: &#039;3.141.59&#039;, revision: &#039;e82be7d358&#039;, time: &#039;2018-11-14T08:17:03&#039;
System info: host: &#039;SAMPADA-PC&#039;, ip: &#039;172.16.10.48&#039;, os.name: &#039;Windows 7&#039;, os.arch: &#039;x86&#039;, os.version: &#039;6.1&#039;, java.version: &#039;1.8.0_92&#039;
Driver info: driver.version: Driver
remote stacktrace: Backtrace:
	Ordinal0 [0x013BA923+1550627]
	Ordinal0 [0x0133A731+1025841]
	Ordinal0 [0x012BC715+509717]
	Ordinal0 [0x0124CB0B+51979]
	Ordinal0 [0x0126ACE7+175335]
	Ordinal0 [0x0126A8ED+174317]
	Ordinal0 [0x01268CDB+167131]
	Ordinal0 [0x0125144A+70730]
	Ordinal0 [0x012524D0+74960]
	Ordinal0 [0x01252469+74857]
	Ordinal0 [0x013542F7+1131255]
	GetHandleVerifier [0x0145711D+523789]
	GetHandleVerifier [0x01456EB0+523168]
	GetHandleVerifier [0x0145E207+552695]
	GetHandleVerifier [0x0145791A+525834]
	Ordinal0 [0x0134B82C+1095724]
	Ordinal0 [0x0135636B+1139563]
	Ordinal0 [0x013564D3+1139923]
	Ordinal0 [0x01355455+1135701]
	BaseThreadInitThunk [0x75A2EF8C+18]
	RtlInitializeExceptionChain [0x7755367A+239]
	RtlInitializeExceptionChain [0x7755364D+194]
">
      <![CDATA[org.openqa.selenium.WebDriverException: unknown error: Chrome failed to start: exited normally
  (chrome not reachable)
  (The process started from chrome location C:\Program Files\Google\Chrome\Application\chrome.exe is no longer running, so ChromeDriver is assuming that Chrome has crashed.)
Build info: version: '3.141.59', revision: 'e82be7d358', time: '2018-11-14T08:17:03'
System info: host: 'SAMPADA-PC', ip: '172.16.10.48', os.name: 'Windows 7', os.arch: 'x86', os.version: '6.1', java.version: '1.8.0_92'
Driver info: driver.version: Driver
remote stacktrace: Backtrace:
Ordinal0 [0x013BA923+1550627]
Ordinal0 [0x0133A731+1025841]
Ordinal0 [0x012BC715+509717]
Ordinal0 [0x0124CB0B+51979]
Ordinal0 [0x0126ACE7+175335]
Ordinal0 [0x0126A8ED+174317]
Ordinal0 [0x01268CDB+167131]
Ordinal0 [0x0125144A+70730]
Ordinal0 [0x012524D0+74960]
Ordinal0 [0x01252469+74857]
Ordinal0 [0x013542F7+1131255]
GetHandleVerifier [0x0145711D+523789]
GetHandleVerifier [0x01456EB0+523168]
GetHandleVerifier [0x0145E207+552695]
GetHandleVerifier [0x0145791A+525834]
Ordinal0 [0x0134B82C+1095724]
Ordinal0 [0x0135636B+1139563]
Ordinal0 [0x013564D3+1139923]
Ordinal0 [0x01355455+1135701]
BaseThreadInitThunk [0x75A2EF8C+18]
RtlInitializeExceptionChain [0x7755367A+239]
RtlInitializeExceptionChain [0x7755364D+194]

at sun.reflect.NativeConstructorAccessorImpl.newInstance0(Native Method)
at sun.reflect.NativeConstructorAccessorImpl.newInstance(NativeConstructorAccessorImpl.java:62)
at sun.reflect.DelegatingConstructorAccessorImpl.newInstance(DelegatingConstructorAccessorImpl.java:45)
at java.lang.reflect.Constructor.newInstance(Constructor.java:423)
at org.openqa.selenium.remote.W3CHandshakeResponse.lambda$errorHandler$0(W3CHandshakeResponse.java:62)
at org.openqa.selenium.remote.HandshakeResponse.lambda$getResponseFunction$0(HandshakeResponse.java:30)
at org.openqa.selenium.remote.ProtocolHandshake.lambda$createSession$0(ProtocolHandshake.java:126)
at java.util.stream.ReferencePipeline$3$1.accept(ReferencePipeline.java:193)
at java.util.Spliterators$ArraySpliterator.tryAdvance(Spliterators.java:958)
at java.util.stream.ReferencePipeline.forEachWithCancel(ReferencePipeline.java:126)
at java.util.stream.AbstractPipeline.copyIntoWithCancel(AbstractPipeline.java:498)
at java.util.stream.AbstractPipeline.copyInto(AbstractPipeline.java:485)
at java.util.stream.AbstractPipeline.wrapAndCopyInto(AbstractPipeline.java:471)
at java.util.stream.FindOps$FindOp.evaluateSequential(FindOps.java:152)
at java.util.stream.AbstractPipeline.evaluate(AbstractPipeline.java:234)
at java.util.stream.ReferencePipeline.findFirst(ReferencePipeline.java:464)
at org.openqa.selenium.remote.ProtocolHandshake.createSession(ProtocolHandshake.java:128)
at org.openqa.selenium.remote.ProtocolHandshake.createSession(ProtocolHandshake.java:74)
at org.openqa.selenium.remote.HttpCommandExecutor.execute(HttpCommandExecutor.java:136)
at org.openqa.selenium.remote.service.DriverCommandExecutor.execute(DriverCommandExecutor.java:83)
at org.openqa.selenium.remote.RemoteWebDriver.execute(RemoteWebDriver.java:552)
at org.openqa.selenium.remote.RemoteWebDriver.startSession(RemoteWebDriver.java:213)
at org.openqa.selenium.remote.RemoteWebDriver.<init>(RemoteWebDriver.java:131)
at org.openqa.selenium.chrome.ChromeDriver.<init>(ChromeDriver.java:181)
at org.openqa.selenium.chrome.ChromeDriver.<init>(ChromeDriver.java:168)
at org.openqa.selenium.chrome.ChromeDriver.<init>(ChromeDriver.java:123)
at com.btes.com.btes.mar.Driver.Launch(Driver.java:23)
at sun.reflect.NativeMethodAccessorImpl.invoke0(Native Method)
at sun.reflect.NativeMethodAccessorImpl.invoke(NativeMethodAccessorImpl.java:62)
at sun.reflect.DelegatingMethodAccessorImpl.invoke(DelegatingMethodAccessorImpl.java:43)
at java.lang.reflect.Method.invoke(Method.java:498)
at org.testng.internal.MethodInvocationHelper.invokeMethod(MethodInvocationHelper.java:124)
at org.testng.internal.MethodInvocationHelper.invokeMethodConsideringTimeout(MethodInvocationHelper.java:59)
at org.testng.internal.Invoker.invokeConfigurationMethod(Invoker.java:458)
at org.testng.internal.Invoker.invokeConfigurations(Invoker.java:222)
at org.testng.internal.Invoker.invokeConfigurations(Invoker.java:142)
at org.testng.SuiteRunner.privateRun(SuiteRunner.java:401)
at org.testng.SuiteRunner.run(SuiteRunner.java:364)
at org.testng.SuiteRunnerWorker.runSuite(SuiteRunnerWorker.java:52)
at org.testng.SuiteRunnerWorker.run(SuiteRunnerWorker.java:84)
at org.testng.TestNG.runSuitesSequentially(TestNG.java:1208)
at org.testng.TestNG.runSuitesLocally(TestNG.java:1137)
at org.testng.TestNG.runSuites(TestNG.java:1049)
at org.testng.TestNG.run(TestNG.java:1017)
at org.testng.remote.AbstractRemoteTestNG.run(AbstractRemoteTestNG.java:114)
at org.testng.remote.RemoteTestNG.initAndRun(RemoteTestNG.java:251)
at org.testng.remote.RemoteTestNG.main(RemoteTestNG.java:77)
]]>
    </error>
  </testcase> <!-- Launch -->
  <testcase name="Login" time="0.000" classname="com.btes.com.btes.mar.LoginTest">
    <skipped/>
  </testcase> <!-- Login -->
  <testcase name="CheckTitle" time="0.000" classname="com.btes.com.btes.mar.LoginTest">
    <skipped/>
  </testcase> <!-- CheckTitle -->
</testsuite> <!-- com.btes.com.btes.mar.LoginTest -->
